<?xml version="1.0" encoding="UTF-8"?>
<testng-results skipped="0" failed="0" total="12" passed="12">
  <reporter-output>
  </reporter-output>
  <suite name="Maven Test Suite" duration-ms="47" started-at="2021-07-19T15:41:56Z" finished-at="2021-07-19T15:41:56Z">
    <groups>
    </groups>
    <test name="Maven Testing" duration-ms="47" started-at="2021-07-19T15:41:56Z" finished-at="2021-07-19T15:41:56Z">
      <class name="com.qa.tests.DemoTest">
        <test-method status="PASS" signature="div()[pri:0, instance:com.qa.tests.DemoTest@6e38921c]" name="div" duration-ms="31" started-at="2021-07-19T21:11:56Z" finished-at="2021-07-19T21:11:56Z">
          <reporter-output>
          </reporter-output>
        </test-method> <!-- div -->
        <test-method status="PASS" signature="mul()[pri:0, instance:com.qa.tests.DemoTest@6e38921c]" name="mul" duration-ms="0" started-at="2021-07-19T21:11:56Z" finished-at="2021-07-19T21:11:56Z">
          <reporter-output>
          </reporter-output>
        </test-method> <!-- mul -->
        <test-method status="PASS" signature="sum()[pri:0, instance:com.qa.tests.DemoTest@6e38921c]" name="sum" duration-ms="0" started-at="2021-07-19T21:11:56Z" finished-at="2021-07-19T21:11:56Z">
          <reporter-output>
          </reporter-output>
        </test-method> <!-- sum -->
        <test-method status="PASS" signature="sub()[pri:0, instance:com.qa.tests.DemoTest@6e38921c]" name="sub" duration-ms="0" started-at="2021-07-19T21:11:56Z" finished-at="2021-07-19T21:11:56Z">
          <reporter-output>
          </reporter-output>
        </test-method> <!-- sub -->
      </class> <!-- com.qa.tests.DemoTest -->
      <class name="com.qa.tests.DemoTest1">
        <test-method status="PASS" signature="div()[pri:0, instance:com.qa.tests.DemoTest1@49070868]" name="div" duration-ms="0" started-at="2021-07-19T21:11:56Z" finished-at="2021-07-19T21:11:56Z">
          <reporter-output>
          </reporter-output>
        </test-method> <!-- div -->
        <test-method status="PASS" signature="sum()[pri:0, instance:com.qa.tests.DemoTest1@49070868]" name="sum" duration-ms="0" started-at="2021-07-19T21:11:56Z" finished-at="2021-07-19T21:11:56Z">
          <reporter-output>
          </reporter-output>
        </test-method> <!-- sum -->
        <test-method status="PASS" signature="mul()[pri:0, instance:com.qa.tests.DemoTest1@49070868]" name="mul" duration-ms="0" started-at="2021-07-19T21:11:56Z" finished-at="2021-07-19T21:11:56Z">
          <reporter-output>
          </reporter-output>
        </test-method> <!-- mul -->
        <test-method status="PASS" signature="sub()[pri:0, instance:com.qa.tests.DemoTest1@49070868]" name="sub" duration-ms="0" started-at="2021-07-19T21:11:56Z" finished-at="2021-07-19T21:11:56Z">
          <reporter-output>
          </reporter-output>
        </test-method> <!-- sub -->
      </class> <!-- com.qa.tests.DemoTest1 -->
      <class name="com.qa.tests.DemoTest2">
        <test-method status="PASS" signature="sum()[pri:0, instance:com.qa.tests.DemoTest2@6385cb26]" name="sum" duration-ms="0" started-at="2021-07-19T21:11:56Z" finished-at="2021-07-19T21:11:56Z">
          <reporter-output>
          </reporter-output>
        </test-method> <!-- sum -->
        <test-method status="PASS" signature="mul()[pri:0, instance:com.qa.tests.DemoTest2@6385cb26]" name="mul" duration-ms="0" started-at="2021-07-19T21:11:56Z" finished-at="2021-07-19T21:11:56Z">
          <reporter-output>
          </reporter-output>
        </test-method> <!-- mul -->
        <test-method status="PASS" signature="sub()[pri:0, instance:com.qa.tests.DemoTest2@6385cb26]" name="sub" duration-ms="0" started-at="2021-07-19T21:11:56Z" finished-at="2021-07-19T21:11:56Z">
          <reporter-output>
          </reporter-output>
        </test-method> <!-- sub -->
        <test-method status="PASS" signature="div()[pri:0, instance:com.qa.tests.DemoTest2@6385cb26]" name="div" duration-ms="0" started-at="2021-07-19T21:11:56Z" finished-at="2021-07-19T21:11:56Z">
          <reporter-output>
          </reporter-output>
        </test-method> <!-- div -->
      </class> <!-- com.qa.tests.DemoTest2 -->
    </test> <!-- Maven Testing -->
  </suite> <!-- Maven Test Suite -->
</testng-results>
