<?xml version="1.0" encoding="UTF-8"?>
<testng-results skipped="0" failed="0" total="12" passed="12">
  <reporter-output>
  </reporter-output>
  <suite name="Maven Test Suite" duration-ms="48" started-at="2021-07-19T15:11:46Z" finished-at="2021-07-19T15:11:46Z">
    <groups>
    </groups>
    <test name="Maven Testing" duration-ms="48" started-at="2021-07-19T15:11:46Z" finished-at="2021-07-19T15:11:46Z">
      <class name="com.qa.tests.DemoTest">
        <test-method status="PASS" signature="div()[pri:0, instance:com.qa.tests.DemoTest@64d7f7e0]" name="div" duration-ms="18" started-at="2021-07-19T20:41:46Z" finished-at="2021-07-19T20:41:46Z">
          <reporter-output>
          </reporter-output>
        </test-method> <!-- div -->
        <test-method status="PASS" signature="mul()[pri:0, instance:com.qa.tests.DemoTest@64d7f7e0]" name="mul" duration-ms="1" started-at="2021-07-19T20:41:46Z" finished-at="2021-07-19T20:41:46Z">
          <reporter-output>
          </reporter-output>
        </test-method> <!-- mul -->
        <test-method status="PASS" signature="sub()[pri:0, instance:com.qa.tests.DemoTest@64d7f7e0]" name="sub" duration-ms="0" started-at="2021-07-19T20:41:46Z" finished-at="2021-07-19T20:41:46Z">
          <reporter-output>
          </reporter-output>
        </test-method> <!-- sub -->
        <test-method status="PASS" signature="sum()[pri:0, instance:com.qa.tests.DemoTest@64d7f7e0]" name="sum" duration-ms="0" started-at="2021-07-19T20:41:46Z" finished-at="2021-07-19T20:41:46Z">
          <reporter-output>
          </reporter-output>
        </test-method> <!-- sum -->
      </class> <!-- com.qa.tests.DemoTest -->
      <class name="com.qa.tests.DemoTest1">
        <test-method status="PASS" signature="div()[pri:0, instance:com.qa.tests.DemoTest1@6385cb26]" name="div" duration-ms="0" started-at="2021-07-19T20:41:46Z" finished-at="2021-07-19T20:41:46Z">
          <reporter-output>
          </reporter-output>
        </test-method> <!-- div -->
        <test-method status="PASS" signature="mul()[pri:0, instance:com.qa.tests.DemoTest1@6385cb26]" name="mul" duration-ms="0" started-at="2021-07-19T20:41:46Z" finished-at="2021-07-19T20:41:46Z">
          <reporter-output>
          </reporter-output>
        </test-method> <!-- mul -->
        <test-method status="PASS" signature="sub()[pri:0, instance:com.qa.tests.DemoTest1@6385cb26]" name="sub" duration-ms="0" started-at="2021-07-19T20:41:46Z" finished-at="2021-07-19T20:41:46Z">
          <reporter-output>
          </reporter-output>
        </test-method> <!-- sub -->
        <test-method status="PASS" signature="sum()[pri:0, instance:com.qa.tests.DemoTest1@6385cb26]" name="sum" duration-ms="1" started-at="2021-07-19T20:41:46Z" finished-at="2021-07-19T20:41:46Z">
          <reporter-output>
          </reporter-output>
        </test-method> <!-- sum -->
      </class> <!-- com.qa.tests.DemoTest1 -->
      <class name="com.qa.tests.DemoTest2">
        <test-method status="PASS" signature="div()[pri:0, instance:com.qa.tests.DemoTest2@38364841]" name="div" duration-ms="1" started-at="2021-07-19T20:41:46Z" finished-at="2021-07-19T20:41:46Z">
          <reporter-output>
          </reporter-output>
        </test-method> <!-- div -->
        <test-method status="PASS" signature="mul()[pri:0, instance:com.qa.tests.DemoTest2@38364841]" name="mul" duration-ms="1" started-at="2021-07-19T20:41:46Z" finished-at="2021-07-19T20:41:46Z">
          <reporter-output>
          </reporter-output>
        </test-method> <!-- mul -->
        <test-method status="PASS" signature="sub()[pri:0, instance:com.qa.tests.DemoTest2@38364841]" name="sub" duration-ms="0" started-at="2021-07-19T20:41:46Z" finished-at="2021-07-19T20:41:46Z">
          <reporter-output>
          </reporter-output>
        </test-method> <!-- sub -->
        <test-method status="PASS" signature="sum()[pri:0, instance:com.qa.tests.DemoTest2@38364841]" name="sum" duration-ms="1" started-at="2021-07-19T20:41:46Z" finished-at="2021-07-19T20:41:46Z">
          <reporter-output>
          </reporter-output>
        </test-method> <!-- sum -->
      </class> <!-- com.qa.tests.DemoTest2 -->
    </test> <!-- Maven Testing -->
  </suite> <!-- Maven Test Suite -->
</testng-results>
